<?xml version="1.0" encoding="UTF-8"?>
<!-- Generated by org.testng.reporters.JUnitXMLReporter -->
<testsuite hostname="NEW-PC" name="Default test" tests="5" failures="0" timestamp="23 Mar 2016 12:06:31 GMT" time="8.646" errors="0">
  <testcase name="testCAse1" time="0.842" classname="apche_poi.Test1"/>
  <testcase name="testCAse1" time="0.265" classname="apche_poi.Test1"/>
  <testcase name="testCAse1" time="0.231" classname="apche_poi.Test1"/>
  <testcase name="testCAse1" time="0.223" classname="apche_poi.Test1"/>
  <testcase name="testCAse1" time="0.234" classname="apche_poi.Test1"/>
</testsuite> <!-- Default test -->
